<?xml version="1.0" encoding="UTF-8"?>
<!-- Generated by org.testng.reporters.JUnitXMLReporter -->
<testsuite ignored="0" hostname="Rohits-MacBook-Pro.local" failures="1" tests="2" name="Home Page Test" time="45.984" errors="0" timestamp="2023-01-17T14:20:05 ACDT">
  <testcase classname="aptara.BaseTest.HomePageTest" name="clickOnFlightButton" time="11.081">
    <failure type="java.lang.NullPointerException" message="Cannot invoke &amp;quot;org.openqa.selenium.WebElement.click()&amp;quot; because the return value of &amp;quot;aptara.pages.HomePage.getFlightButton()&amp;quot; is null">
      <![CDATA[java.lang.NullPointerException: Cannot invoke "org.openqa.selenium.WebElement.click()" because the return value of "aptara.pages.HomePage.getFlightButton()" is null
at aptara.pages.HomePage.clickOnFlightsButton(HomePage.java:27)
at aptara.BaseTest.HomePageTest.clickOnFlightButton(HomePageTest.java:12)
at java.base/java.util.concurrent.ThreadPoolExecutor.runWorker(ThreadPoolExecutor.java:1136)
at java.base/java.util.concurrent.ThreadPoolExecutor$Worker.run(ThreadPoolExecutor.java:635)
at java.base/java.lang.Thread.run(Thread.java:833)
... Removed 10 stack frames]]>
    </failure>
  </testcase> <!-- clickOnFlightButton -->
  <testcase classname="aptara.BaseTest.HomePageTest" name="clickOnCarRentButton" time="13.025"/>
</testsuite> <!-- Home Page Test -->
